<?xml version="1.0" encoding="UTF-8"?>
<!-- Generated by org.testng.reporters.JUnitReportReporter -->
<testsuite hostname="LAPTOP-QMHJ8FAO" failures="0" tests="1" name="package1.SwagLabsTest" time="14.806" errors="0" timestamp="11 Jul 2021 08:39:51 GMT" skipped="0">
  <testcase classname="package1.SwagLabsTest" name="f" time="14.806"/>
</testsuite> <!-- package1.SwagLabsTest -->
